<?xml version="1.0" encoding="UTF-8"?>
<testsuite name="test2Mayatnik" tests="1" skipped="0" failures="0" errors="0" timestamp="2022-07-10T19:35:57" hostname="DESKTOP-8E1SS0A" time="0.003">
  <properties/>
  <testcase name="testMayatnik()" classname="test2Mayatnik" time="0.003"/>
  <system-out><![CDATA[]]></system-out>
  <system-err><![CDATA[]]></system-err>
</testsuite>
