<?xml version="1.0" encoding="UTF-8"?>
<testsuite name="test3Param" tests="2" skipped="0" failures="0" errors="0" timestamp="2022-07-10T19:35:57" hostname="DESKTOP-8E1SS0A" time="0.027">
  <properties/>
  <testcase name="[1] 50, 13" classname="test3Param" time="0.023"/>
  <testcase name="[2] 250, 30" classname="test3Param" time="0.001"/>
  <system-out><![CDATA[]]></system-out>
  <system-err><![CDATA[]]></system-err>
</testsuite>
